<?xml version="1.0" encoding="UTF-8"?>
<testsuite xmlns:xsi="http://www.w3.org/2001/XMLSchema-instance" xsi:noNamespaceSchemaLocation="https://maven.apache.org/surefire/maven-surefire-plugin/xsd/surefire-test-report-3.0.xsd" version="3.0" name="runners.TestRunner" time="16.596" tests="1" errors="0" skipped="0" failures="0">
  <properties>
    <property name="java.specification.version" value="22"/>
    <property name="sun.cpu.isalist" value="amd64"/>
    <property name="sun.jnu.encoding" value="Cp1252"/>
    <property name="java.class.path" value="C:\Users\srivi\eclipse-workspace\RestAssured_Cucumber_BDD\target\test-classes;C:\Users\srivi\eclipse-workspace\RestAssured_Cucumber_BDD\target\classes;C:\Users\srivi\.m2\repository\io\cucumber\cucumber-java\7.18.0\cucumber-java-7.18.0.jar;C:\Users\srivi\.m2\repository\io\cucumber\cucumber-core\7.18.0\cucumber-core-7.18.0.jar;C:\Users\srivi\.m2\repository\io\cucumber\cucumber-gherkin\7.18.0\cucumber-gherkin-7.18.0.jar;C:\Users\srivi\.m2\repository\io\cucumber\cucumber-gherkin-messages\7.18.0\cucumber-gherkin-messages-7.18.0.jar;C:\Users\srivi\.m2\repository\io\cucumber\gherkin\28.0.0\gherkin-28.0.0.jar;C:\Users\srivi\.m2\repository\io\cucumber\messages\24.1.0\messages-24.1.0.jar;C:\Users\srivi\.m2\repository\io\cucumber\testng-xml-formatter\0.1.0\testng-xml-formatter-0.1.0.jar;C:\Users\srivi\.m2\repository\io\cucumber\query\12.2.0\query-12.2.0.jar;C:\Users\srivi\.m2\repository\io\cucumber\tag-expressions\6.1.0\tag-expressions-6.1.0.jar;C:\Users\srivi\.m2\repository\io\cucumber\cucumber-expressions\17.1.0\cucumber-expressions-17.1.0.jar;C:\Users\srivi\.m2\repository\io\cucumber\datatable\7.18.0\datatable-7.18.0.jar;C:\Users\srivi\.m2\repository\io\cucumber\cucumber-plugin\7.18.0\cucumber-plugin-7.18.0.jar;C:\Users\srivi\.m2\repository\io\cucumber\docstring\7.18.0\docstring-7.18.0.jar;C:\Users\srivi\.m2\repository\io\cucumber\html-formatter\21.3.1\html-formatter-21.3.1.jar;C:\Users\srivi\.m2\repository\io\cucumber\junit-xml-formatter\0.4.0\junit-xml-formatter-0.4.0.jar;C:\Users\srivi\.m2\repository\io\cucumber\ci-environment\10.0.1\ci-environment-10.0.1.jar;C:\Users\srivi\.m2\repository\org\apiguardian\apiguardian-api\1.1.2\apiguardian-api-1.1.2.jar;C:\Users\srivi\.m2\repository\io\cucumber\cucumber-testng\7.18.0\cucumber-testng-7.18.0.jar;C:\Users\srivi\.m2\repository\org\testng\testng\7.10.2\testng-7.10.2.jar;C:\Users\srivi\.m2\repository\org\slf4j\slf4j-api\1.7.36\slf4j-api-1.7.36.jar;C:\Users\srivi\.m2\repository\com\beust\jcommander\1.82\jcommander-1.82.jar;C:\Users\srivi\.m2\repository\org\webjars\jquery\3.7.1\jquery-3.7.1.jar;C:\Users\srivi\.m2\repository\io\rest-assured\rest-assured\5.5.0\rest-assured-5.5.0.jar;C:\Users\srivi\.m2\repository\org\apache\groovy\groovy\4.0.22\groovy-4.0.22.jar;C:\Users\srivi\.m2\repository\org\apache\groovy\groovy-xml\4.0.22\groovy-xml-4.0.22.jar;C:\Users\srivi\.m2\repository\org\apache\httpcomponents\httpclient\4.5.13\httpclient-4.5.13.jar;C:\Users\srivi\.m2\repository\org\apache\httpcomponents\httpcore\4.4.13\httpcore-4.4.13.jar;C:\Users\srivi\.m2\repository\commons-logging\commons-logging\1.2\commons-logging-1.2.jar;C:\Users\srivi\.m2\repository\commons-codec\commons-codec\1.11\commons-codec-1.11.jar;C:\Users\srivi\.m2\repository\org\apache\httpcomponents\httpmime\4.5.13\httpmime-4.5.13.jar;C:\Users\srivi\.m2\repository\org\hamcrest\hamcrest\2.2\hamcrest-2.2.jar;C:\Users\srivi\.m2\repository\org\ccil\cowan\tagsoup\tagsoup\1.2.1\tagsoup-1.2.1.jar;C:\Users\srivi\.m2\repository\io\rest-assured\json-path\5.5.0\json-path-5.5.0.jar;C:\Users\srivi\.m2\repository\org\apache\groovy\groovy-json\4.0.22\groovy-json-4.0.22.jar;C:\Users\srivi\.m2\repository\io\rest-assured\rest-assured-common\5.5.0\rest-assured-common-5.5.0.jar;C:\Users\srivi\.m2\repository\io\rest-assured\xml-path\5.5.0\xml-path-5.5.0.jar;C:\Users\srivi\.m2\repository\org\apache\commons\commons-lang3\3.11\commons-lang3-3.11.jar;C:\Users\srivi\.m2\repository\com\fasterxml\jackson\core\jackson-databind\2.18.2\jackson-databind-2.18.2.jar;C:\Users\srivi\.m2\repository\com\fasterxml\jackson\core\jackson-annotations\2.18.2\jackson-annotations-2.18.2.jar;C:\Users\srivi\.m2\repository\com\fasterxml\jackson\core\jackson-core\2.18.2\jackson-core-2.18.2.jar;C:\Users\srivi\.m2\repository\com\fasterxml\jackson\datatype\jackson-datatype-jsr310\2.18.2\jackson-datatype-jsr310-2.18.2.jar;C:\Users\srivi\.m2\repository\io\rest-assured\json-schema-validator\5.5.0\json-schema-validator-5.5.0.jar;C:\Users\srivi\.m2\repository\com\github\java-json-tools\json-schema-validator\2.2.14\json-schema-validator-2.2.14.jar;C:\Users\srivi\.m2\repository\com\github\java-json-tools\jackson-coreutils-equivalence\1.0\jackson-coreutils-equivalence-1.0.jar;C:\Users\srivi\.m2\repository\com\github\java-json-tools\jackson-coreutils\2.0\jackson-coreutils-2.0.jar;C:\Users\srivi\.m2\repository\com\github\java-json-tools\msg-simple\1.2\msg-simple-1.2.jar;C:\Users\srivi\.m2\repository\com\github\java-json-tools\btf\1.3\btf-1.3.jar;C:\Users\srivi\.m2\repository\com\github\java-json-tools\json-schema-core\1.2.14\json-schema-core-1.2.14.jar;C:\Users\srivi\.m2\repository\com\github\java-json-tools\uri-template\0.10\uri-template-0.10.jar;C:\Users\srivi\.m2\repository\org\mozilla\rhino\1.7.7.2\rhino-1.7.7.2.jar;C:\Users\srivi\.m2\repository\com\sun\mail\mailapi\1.6.2\mailapi-1.6.2.jar;C:\Users\srivi\.m2\repository\joda-time\joda-time\2.10.5\joda-time-2.10.5.jar;C:\Users\srivi\.m2\repository\com\googlecode\libphonenumber\libphonenumber\8.11.1\libphonenumber-8.11.1.jar;C:\Users\srivi\.m2\repository\com\google\code\findbugs\jsr305\3.0.2\jsr305-3.0.2.jar;C:\Users\srivi\.m2\repository\net\sf\jopt-simple\jopt-simple\5.0.4\jopt-simple-5.0.4.jar;C:\Users\srivi\.m2\repository\com\google\guava\guava\33.2.1-jre\guava-33.2.1-jre.jar;C:\Users\srivi\.m2\repository\com\google\guava\failureaccess\1.0.2\failureaccess-1.0.2.jar;C:\Users\srivi\.m2\repository\com\google\guava\listenablefuture\9999.0-empty-to-avoid-conflict-with-guava\listenablefuture-9999.0-empty-to-avoid-conflict-with-guava.jar;C:\Users\srivi\.m2\repository\org\checkerframework\checker-qual\3.42.0\checker-qual-3.42.0.jar;C:\Users\srivi\.m2\repository\com\google\errorprone\error_prone_annotations\2.26.1\error_prone_annotations-2.26.1.jar;C:\Users\srivi\.m2\repository\com\google\j2objc\j2objc-annotations\3.0.0\j2objc-annotations-3.0.0.jar;"/>
    <property name="java.vm.vendor" value="Oracle Corporation"/>
    <property name="sun.arch.data.model" value="64"/>
    <property name="user.variant" value=""/>
    <property name="java.vendor.url" value="https://java.oracle.com/"/>
    <property name="user.timezone" value="America/Chicago"/>
    <property name="os.name" value="Windows 11"/>
    <property name="java.vm.specification.version" value="22"/>
    <property name="sun.java.launcher" value="SUN_STANDARD"/>
    <property name="user.country" value="US"/>
    <property name="sun.boot.library.path" value="C:\Program Files\Java\jdk-22\bin"/>
    <property name="sun.java.command" value="C:\Users\srivi\AppData\Local\Temp\surefire10812319499185540870\surefirebooter-20250211165112582_3.jar C:\Users\srivi\AppData\Local\Temp\surefire10812319499185540870 2025-02-11T16-51-12_322-jvmRun1 surefire-20250211165112582_1tmp surefire_0-20250211165112582_2tmp"/>
    <property name="jdk.debug" value="release"/>
    <property name="surefire.test.class.path" value="C:\Users\srivi\eclipse-workspace\RestAssured_Cucumber_BDD\target\test-classes;C:\Users\srivi\eclipse-workspace\RestAssured_Cucumber_BDD\target\classes;C:\Users\srivi\.m2\repository\io\cucumber\cucumber-java\7.18.0\cucumber-java-7.18.0.jar;C:\Users\srivi\.m2\repository\io\cucumber\cucumber-core\7.18.0\cucumber-core-7.18.0.jar;C:\Users\srivi\.m2\repository\io\cucumber\cucumber-gherkin\7.18.0\cucumber-gherkin-7.18.0.jar;C:\Users\srivi\.m2\repository\io\cucumber\cucumber-gherkin-messages\7.18.0\cucumber-gherkin-messages-7.18.0.jar;C:\Users\srivi\.m2\repository\io\cucumber\gherkin\28.0.0\gherkin-28.0.0.jar;C:\Users\srivi\.m2\repository\io\cucumber\messages\24.1.0\messages-24.1.0.jar;C:\Users\srivi\.m2\repository\io\cucumber\testng-xml-formatter\0.1.0\testng-xml-formatter-0.1.0.jar;C:\Users\srivi\.m2\repository\io\cucumber\query\12.2.0\query-12.2.0.jar;C:\Users\srivi\.m2\repository\io\cucumber\tag-expressions\6.1.0\tag-expressions-6.1.0.jar;C:\Users\srivi\.m2\repository\io\cucumber\cucumber-expressions\17.1.0\cucumber-expressions-17.1.0.jar;C:\Users\srivi\.m2\repository\io\cucumber\datatable\7.18.0\datatable-7.18.0.jar;C:\Users\srivi\.m2\repository\io\cucumber\cucumber-plugin\7.18.0\cucumber-plugin-7.18.0.jar;C:\Users\srivi\.m2\repository\io\cucumber\docstring\7.18.0\docstring-7.18.0.jar;C:\Users\srivi\.m2\repository\io\cucumber\html-formatter\21.3.1\html-formatter-21.3.1.jar;C:\Users\srivi\.m2\repository\io\cucumber\junit-xml-formatter\0.4.0\junit-xml-formatter-0.4.0.jar;C:\Users\srivi\.m2\repository\io\cucumber\ci-environment\10.0.1\ci-environment-10.0.1.jar;C:\Users\srivi\.m2\repository\org\apiguardian\apiguardian-api\1.1.2\apiguardian-api-1.1.2.jar;C:\Users\srivi\.m2\repository\io\cucumber\cucumber-testng\7.18.0\cucumber-testng-7.18.0.jar;C:\Users\srivi\.m2\repository\org\testng\testng\7.10.2\testng-7.10.2.jar;C:\Users\srivi\.m2\repository\org\slf4j\slf4j-api\1.7.36\slf4j-api-1.7.36.jar;C:\Users\srivi\.m2\repository\com\beust\jcommander\1.82\jcommander-1.82.jar;C:\Users\srivi\.m2\repository\org\webjars\jquery\3.7.1\jquery-3.7.1.jar;C:\Users\srivi\.m2\repository\io\rest-assured\rest-assured\5.5.0\rest-assured-5.5.0.jar;C:\Users\srivi\.m2\repository\org\apache\groovy\groovy\4.0.22\groovy-4.0.22.jar;C:\Users\srivi\.m2\repository\org\apache\groovy\groovy-xml\4.0.22\groovy-xml-4.0.22.jar;C:\Users\srivi\.m2\repository\org\apache\httpcomponents\httpclient\4.5.13\httpclient-4.5.13.jar;C:\Users\srivi\.m2\repository\org\apache\httpcomponents\httpcore\4.4.13\httpcore-4.4.13.jar;C:\Users\srivi\.m2\repository\commons-logging\commons-logging\1.2\commons-logging-1.2.jar;C:\Users\srivi\.m2\repository\commons-codec\commons-codec\1.11\commons-codec-1.11.jar;C:\Users\srivi\.m2\repository\org\apache\httpcomponents\httpmime\4.5.13\httpmime-4.5.13.jar;C:\Users\srivi\.m2\repository\org\hamcrest\hamcrest\2.2\hamcrest-2.2.jar;C:\Users\srivi\.m2\repository\org\ccil\cowan\tagsoup\tagsoup\1.2.1\tagsoup-1.2.1.jar;C:\Users\srivi\.m2\repository\io\rest-assured\json-path\5.5.0\json-path-5.5.0.jar;C:\Users\srivi\.m2\repository\org\apache\groovy\groovy-json\4.0.22\groovy-json-4.0.22.jar;C:\Users\srivi\.m2\repository\io\rest-assured\rest-assured-common\5.5.0\rest-assured-common-5.5.0.jar;C:\Users\srivi\.m2\repository\io\rest-assured\xml-path\5.5.0\xml-path-5.5.0.jar;C:\Users\srivi\.m2\repository\org\apache\commons\commons-lang3\3.11\commons-lang3-3.11.jar;C:\Users\srivi\.m2\repository\com\fasterxml\jackson\core\jackson-databind\2.18.2\jackson-databind-2.18.2.jar;C:\Users\srivi\.m2\repository\com\fasterxml\jackson\core\jackson-annotations\2.18.2\jackson-annotations-2.18.2.jar;C:\Users\srivi\.m2\repository\com\fasterxml\jackson\core\jackson-core\2.18.2\jackson-core-2.18.2.jar;C:\Users\srivi\.m2\repository\com\fasterxml\jackson\datatype\jackson-datatype-jsr310\2.18.2\jackson-datatype-jsr310-2.18.2.jar;C:\Users\srivi\.m2\repository\io\rest-assured\json-schema-validator\5.5.0\json-schema-validator-5.5.0.jar;C:\Users\srivi\.m2\repository\com\github\java-json-tools\json-schema-validator\2.2.14\json-schema-validator-2.2.14.jar;C:\Users\srivi\.m2\repository\com\github\java-json-tools\jackson-coreutils-equivalence\1.0\jackson-coreutils-equivalence-1.0.jar;C:\Users\srivi\.m2\repository\com\github\java-json-tools\jackson-coreutils\2.0\jackson-coreutils-2.0.jar;C:\Users\srivi\.m2\repository\com\github\java-json-tools\msg-simple\1.2\msg-simple-1.2.jar;C:\Users\srivi\.m2\repository\com\github\java-json-tools\btf\1.3\btf-1.3.jar;C:\Users\srivi\.m2\repository\com\github\java-json-tools\json-schema-core\1.2.14\json-schema-core-1.2.14.jar;C:\Users\srivi\.m2\repository\com\github\java-json-tools\uri-template\0.10\uri-template-0.10.jar;C:\Users\srivi\.m2\repository\org\mozilla\rhino\1.7.7.2\rhino-1.7.7.2.jar;C:\Users\srivi\.m2\repository\com\sun\mail\mailapi\1.6.2\mailapi-1.6.2.jar;C:\Users\srivi\.m2\repository\joda-time\joda-time\2.10.5\joda-time-2.10.5.jar;C:\Users\srivi\.m2\repository\com\googlecode\libphonenumber\libphonenumber\8.11.1\libphonenumber-8.11.1.jar;C:\Users\srivi\.m2\repository\com\google\code\findbugs\jsr305\3.0.2\jsr305-3.0.2.jar;C:\Users\srivi\.m2\repository\net\sf\jopt-simple\jopt-simple\5.0.4\jopt-simple-5.0.4.jar;C:\Users\srivi\.m2\repository\com\google\guava\guava\33.2.1-jre\guava-33.2.1-jre.jar;C:\Users\srivi\.m2\repository\com\google\guava\failureaccess\1.0.2\failureaccess-1.0.2.jar;C:\Users\srivi\.m2\repository\com\google\guava\listenablefuture\9999.0-empty-to-avoid-conflict-with-guava\listenablefuture-9999.0-empty-to-avoid-conflict-with-guava.jar;C:\Users\srivi\.m2\repository\org\checkerframework\checker-qual\3.42.0\checker-qual-3.42.0.jar;C:\Users\srivi\.m2\repository\com\google\errorprone\error_prone_annotations\2.26.1\error_prone_annotations-2.26.1.jar;C:\Users\srivi\.m2\repository\com\google\j2objc\j2objc-annotations\3.0.0\j2objc-annotations-3.0.0.jar;"/>
    <property name="sun.cpu.endian" value="little"/>
    <property name="user.home" value="C:\Users\srivi"/>
    <property name="user.language" value="en"/>
    <property name="java.specification.vendor" value="Oracle Corporation"/>
    <property name="java.version.date" value="2024-07-16"/>
    <property name="java.home" value="C:\Program Files\Java\jdk-22"/>
    <property name="file.separator" value="\"/>
    <property name="basedir" value="C:\Users\srivi\eclipse-workspace\RestAssured_Cucumber_BDD"/>
    <property name="java.vm.compressedOopsMode" value="32-bit"/>
    <property name="line.separator" value="&#10;"/>
    <property name="java.vm.specification.vendor" value="Oracle Corporation"/>
    <property name="java.specification.name" value="Java Platform API Specification"/>
    <property name="surefire.real.class.path" value="C:\Users\srivi\AppData\Local\Temp\surefire10812319499185540870\surefirebooter-20250211165112582_3.jar"/>
    <property name="user.script" value=""/>
    <property name="sun.management.compiler" value="HotSpot 64-Bit Tiered Compilers"/>
    <property name="java.runtime.version" value="22.0.2+9-70"/>
    <property name="user.name" value="srivi"/>
    <property name="stdout.encoding" value="Cp1252"/>
    <property name="path.separator" value=";"/>
    <property name="os.version" value="10.0"/>
    <property name="java.runtime.name" value="Java(TM) SE Runtime Environment"/>
    <property name="file.encoding" value="UTF-8"/>
    <property name="java.vm.name" value="Java HotSpot(TM) 64-Bit Server VM"/>
    <property name="localRepository" value="C:\Users\srivi\.m2\repository"/>
    <property name="java.vendor.url.bug" value="https://bugreport.java.com/bugreport/"/>
    <property name="java.io.tmpdir" value="C:\Users\srivi\AppData\Local\Temp\"/>
    <property name="java.version" value="22.0.2"/>
    <property name="user.dir" value="C:\Users\srivi\eclipse-workspace\RestAssured_Cucumber_BDD"/>
    <property name="os.arch" value="amd64"/>
    <property name="java.vm.specification.name" value="Java Virtual Machine Specification"/>
    <property name="sun.os.patch.level" value=""/>
    <property name="native.encoding" value="Cp1252"/>
    <property name="java.library.path" value="C:\Program Files\Java\jdk-22\bin;C:\WINDOWS\Sun\Java\bin;C:\WINDOWS\system32;C:\WINDOWS;C:/Program Files/Java/jdk-22/bin/server;C:/Program Files/Java/jdk-22/bin;C:\Program Files\Common Files\Oracle\Java\javapath;C:\WINDOWS\system32;C:\WINDOWS;C:\WINDOWS\System32\Wbem;C:\WINDOWS\System32\WindowsPowerShell\v1.0\;C:\WINDOWS\System32\OpenSSH\;C:\Program Files\dotnet\;C:\ProgramData\chocolatey\bin;C:\Program Files\Git\cmd;C:\Program Files\Microsoft SQL Server\150\Tools\Binn\;C:\Program Files\Microsoft SQL Server\Client SDK\ODBC\170\Tools\Binn\;C:\Program Files (x86)\Microsoft SQL Server\160\Tools\Binn\;C:\Program Files\Microsoft SQL Server\160\Tools\Binn\;C:\Program Files\Microsoft SQL Server\160\DTS\Binn\;C:\Users\srivi\Downloads\apache-maven-3.9.9-bin\apache-maven-3.9.9\bin;C:\Program Files\Java\jdk-22\bin;C:\Users\srivi\Downloads\allure-2.30.0\allure-2.30.0\bin;C:\Program Files\PostgreSQL\17\bin;C:\Program Files\nodejs\;C:\Users\srivi\AppData\Local\Programs\Python\Python313;C:\Users\srivi\AppData\Local\Programs\Python\Python313\Scripts;C:\Users\srivi\AppData\Local\Programs\Python\Launcher\;C:\Users\srivi\AppData\Local\Microsoft\WindowsApps;C:\Users\srivi\AppData\Local\GitHubDesktop\bin;C:\Users\srivi\AppData\Local\Programs\Microsoft VS Code\bin;C:\Users\srivi\.dotnet\tools;C:\Users\srivi\AppData\Roaming\npm;;C:\WINDOWS\system32;;."/>
    <property name="java.vm.info" value="mixed mode, sharing"/>
    <property name="stderr.encoding" value="Cp1252"/>
    <property name="java.vendor" value="Oracle Corporation"/>
    <property name="java.vm.version" value="22.0.2+9-70"/>
    <property name="sun.io.unicode.encoding" value="UnicodeLittle"/>
    <property name="java.class.version" value="66.0"/>
  </properties>
  <testcase name="runScenario[&quot;Validate Create User API with CSV data&quot;, &quot;Testing create new user in the User API&quot;](1)" classname="runners.TestRunner" time="13.877">
    <system-out><![CDATA[
@userApi @createNewUser
Scenario: Validate Create User API with CSV data                # src/test/resources/features/CreateNewUser.feature:4
  Given user has request data from CSV                          # stepDefinitions.CreateNewUserSteps.user_has_request_data_from_csv_for_request_name()
Request URL: https://userserviceapp-f5a54828541b.herokuapp.com/uap/createusersRequest Body: {"user_first_name":"Deleteuser","user_last_name":"Deleteuser","user_contact_number":"5280043003","user_email_id":"ztaxyx34@gmail.com","userAddress":{"plotNumber":"3-A","street":"Waldo Ave","state":"Illinois","country":"USA","zipCode":"61115","addressId":null},"user_id":null}Response: {
    "userAddress": {
        "addressId": 21020,
        "plotNumber": "3-A",
        "street": "Waldo Ave",
        "state": "Illinois",
        "country": "USA",
        "zipCode": 61115
    },
    "user_id": 21053,
    "user_first_name": "Deleteuser",
    "user_last_name": "Deleteuser",
    "user_contact_number": 5280043003,
    "user_email_id": "ztaxyx34@gmail.com",
    "creation_time": "2025-02-11T22:51:20.829+00:00",
    "last_mod_time": "2025-02-11T22:51:20.829+00:00"
}Request URL: https://userserviceapp-f5a54828541b.herokuapp.com/uap/createusersRequest Body: {"user_first_name":"Srividya","user_last_name":"Sundaravadivelu","user_contact_number":"3960895916","user_email_id":"rgmgwk47@gmail.com","userAddress":{"plotNumber":"3-A","street":"Waldo Ave","state":"Illinois","country":"USA","zipCode":"61115","addressId":null},"user_id":null}Response: {
    "userAddress": {
        "addressId": 21021,
        "plotNumber": "3-A",
        "street": "Waldo Ave",
        "state": "Illinois",
        "country": "USA",
        "zipCode": 61115
    },
    "user_id": 21054,
    "user_first_name": "Srividya",
    "user_last_name": "Sundaravadivelu",
    "user_contact_number": 3960895916,
    "user_email_id": "rgmgwk47@gmail.com",
    "creation_time": "2025-02-11T22:51:21.328+00:00",
    "last_mod_time": "2025-02-11T22:51:21.328+00:00"
}Request URL: https://userserviceapp-f5a54828541b.herokuapp.com/uap/createusersRequest Body: {"user_first_name":"\"\"\"\"\"\"","user_last_name":"Sundaravadivelu","user_contact_number":"8858050171","user_email_id":"axtkot66@gmail.com","userAddress":{"plotNumber":"","street":"","state":"","country":"","zipCode":"null","addressId":null},"user_id":null}Response: {
    "status": "400 BAD_REQUEST",
    "message": "user FirstName is mandatory and should contains alphabets only"
}Request URL: https://userserviceapp-f5a54828541b.herokuapp.com/uap/createusersRequest Body: {"user_first_name":"Srividya$","user_last_name":"Sundaravadivelu","user_contact_number":"1302080042","user_email_id":"biekwl86@gmail.com","userAddress":{"plotNumber":"","street":"","state":"","country":"","zipCode":"null","addressId":null},"user_id":null}Response: {
    "status": "400 BAD_REQUEST",
    "message": "user FirstName is mandatory and should contains alphabets only"
}Request URL: https://userserviceapp-f5a54828541b.herokuapp.com/uap/createusersRequest Body: {"user_first_name":"Srividya","user_last_name":"\"\"\"\"\"\"","user_contact_number":"4645066781","user_email_id":"bfwzam82@gmail.com","userAddress":{"plotNumber":"","street":"","state":"","country":"","zipCode":"null","addressId":null},"user_id":null}Response: {
    "status": "400 BAD_REQUEST",
    "message": "User Last Name is mandatory and should contains alphabets only"
}Request URL: https://userserviceapp-f5a54828541b.herokuapp.com/uap/createusersRequest Body: {"user_first_name":"Srividya","user_last_name":"Sundaravadivelu$","user_contact_number":"1661376671","user_email_id":"gthdwe60@gmail.com","userAddress":{"plotNumber":"","street":"","state":"","country":"","zipCode":"null","addressId":null},"user_id":null}Response: {
    "status": "400 BAD_REQUEST",
    "message": "User Last Name is mandatory and should contains alphabets only"
}Request URL: https://userserviceapp-f5a54828541b.herokuapp.com/uap/createusersRequest Body: {"user_first_name":"Srividya","user_last_name":"Sundaravadivelu","user_contact_number":"6471625845","user_email_id":"\"\"\"\"\"\"","userAddress":{"plotNumber":"","street":"","state":"","country":"","zipCode":"null","addressId":null},"user_id":null}Response: {
    "status": "400 BAD_REQUEST",
    "message": "User email Id is required and should be in proper email format"
}Request URL: https://userserviceapp-f5a54828541b.herokuapp.com/uap/createusersRequest Body: {"user_first_name":"Srividya","user_last_name":"Sundaravadivelu","user_contact_number":"2809517828","user_email_id":"abc@@abc.com","userAddress":{"plotNumber":"","street":"","state":"","country":"","zipCode":"null","addressId":null},"user_id":null}Response: {
    "status": "400 BAD_REQUEST",
    "message": "User email Id is required and should be in proper email format"
}Request URL: https://userserviceapp-f5a54828541b.herokuapp.com/uap/createusersRequest Body: {"user_first_name":"Srividya","user_last_name":"Sundaravadivelu","user_contact_number":"6845042150","user_email_id":"Numpy@gmail.com","userAddress":{"plotNumber":"","street":"","state":"","country":"","zipCode":"null","addressId":null},"user_id":null}Response: {
    "status": "409 CONFLICT",
    "message": "User already exist with same email id"
}Request URL: https://userserviceapp-f5a54828541b.herokuapp.com/uap/createusersRequest Body: {"user_first_name":"Srividya","user_last_name":"Sundaravadivelu","user_contact_number":"null","user_email_id":"hdymyn37@gmail.com","userAddress":{"plotNumber":"","street":"","state":"","country":"","zipCode":"null","addressId":null},"user_id":null}Response: {
    "status": "400 BAD_REQUEST",
    "message": "Phone Number is required and should contains 10 numeric values only"
}Request URL: https://userserviceapp-f5a54828541b.herokuapp.com/uap/createusersRequest Body: {"user_first_name":"Srividya","user_last_name":"Sundaravadivelu","user_contact_number":"123","user_email_id":"jvjhki55@gmail.com","userAddress":{"plotNumber":"","street":"","state":"","country":"","zipCode":"null","addressId":null},"user_id":null}Response: {
    "status": "400 BAD_REQUEST",
    "message": "Phone Number is required and should contains 10 numeric values only"
}Request URL: https://userserviceapp-f5a54828541b.herokuapp.com/uap/createusersRequest Body: {"user_first_name":"Srividya","user_last_name":"Sundaravadivelu","user_contact_number":"1.23E+14","user_email_id":"aqilhz13@gmail.com","userAddress":{"plotNumber":"","street":"","state":"","country":"","zipCode":"null","addressId":null},"user_id":null}Response: {
    "timestamp": "2025-02-11T22:51:25.667+00:00",
    "status": 400,
    "error": "Bad Request",
    "path": "/uap/createusers"
}Request URL: https://userserviceapp-f5a54828541b.herokuapp.com/uap/createusersRequest Body: {"user_first_name":"Srividya","user_last_name":"Sundaravadivelu","user_contact_number":"1234567891","user_email_id":"dctabl95@gmail.com","userAddress":{"plotNumber":"","street":"","state":"","country":"","zipCode":"null","addressId":null},"user_id":null}Response: {
    "status": "409 CONFLICT",
    "message": "User already exist with same contact number"
}Request URL: https://userserviceapp-f5a54828541b.herokuapp.com/uap/createusersRequest Body: {"user_first_name":"Srividya","user_last_name":"Sundaravadivelu","user_contact_number":"4904223757","user_email_id":"jgbmdc63@gmail.com","userAddress":{"plotNumber":"","street":"","state":"$Illinois","country":"","zipCode":"null","addressId":null},"user_id":null}Response: {
    "status": "400 BAD_REQUEST",
    "message": "Plot number should contain alphaNumeric values only"
}Request URL: https://userserviceapp-f5a54828541b.herokuapp.com/uap/createusersRequest Body: {"user_first_name":"Srividya","user_last_name":"Sundaravadivelu","user_contact_number":"6407609333","user_email_id":"ciavdk44@gmail.com","userAddress":{"plotNumber":"","street":"","state":"","country":"$USA","zipCode":"null","addressId":null},"user_id":null}Response: {
    "status": "400 BAD_REQUEST",
    "message": "Plot number should contain alphaNumeric values only"
}Request URL: https://userserviceapp-f5a54828541b.herokuapp.com/uap/createusersRequest Body: {"user_first_name":"Srividya","user_last_name":"Sundaravadivelu","user_contact_number":"3397740347","user_email_id":"zpqxso57@gmail.com","userAddress":{"plotNumber":"","street":"$Waldo","state":"","country":"","zipCode":"null","addressId":null},"user_id":null}Response: {
    "status": "400 BAD_REQUEST",
    "message": "Plot number should contain alphaNumeric values only"
}Request URL: https://userserviceapp-f5a54828541b.herokuapp.com/uap/createusersRequest Body: {"user_first_name":"Srividya","user_last_name":"Sundaravadivelu","user_contact_number":"2386247687","user_email_id":"","userAddress":{"plotNumber":"","street":"","state":"","country":"","zipCode":"611ABC","addressId":null},"user_id":null}Response: {
    "timestamp": "2025-02-11T22:51:27.620+00:00",
    "status": 400,
    "error": "Bad Request",
    "path": "/uap/createusers"
}Request URL: https://userserviceapp-f5a54828541b.herokuapp.com/uap/invalidRequest Body: {"user_first_name":"","user_last_name":"","user_contact_number":"","user_email_id":"","userAddress":{"plotNumber":"","street":"","state":"","country":"","zipCode":"","addressId":null},"user_id":null}Response: {
    "timestamp": "2025-02-11T22:51:28.059+00:00",
    "status": 404,
    "error": "Not Found",
    "path": "/uap/invalid"
}  When user sends a POST request to create a new user           # stepDefinitions.CreateNewUserSteps.user_sends_a_post_request_to_create_a_new_user()
Validating post scenario Create new user to use for delete
Validating post scenario Pass all fields  
Validating post scenario First name empty
Validating post scenario First name non alphabet value
Validating post scenario Last name empty
Validating post scenario Last name non alphabet value
Validating post scenario Email id empty
Validating post scenario Email id invalid
Validating post scenario Email id already exists
Validating post scenario Contact number is null or empty
Validating post scenario Contact number less than 10 numeric values
Validating post scenario Contact number greater than 10 numeric values
Validating post scenario Contact number already exists
Validating post scenario State non alphabet value
Validating post scenario Country non alphabet value
Validating post scenario Street non alphabet vaue
Validating post scenario ZipCode non numeric values
Validating post scenario invalid endpoint
  Then The response status code should match the expected value # stepDefinitions.CreateNewUserSteps.the_response_status_code_should_match_the_expected_value()
]]></system-out>
    <system-err><![CDATA[SLF4J: Failed to load class "org.slf4j.impl.StaticLoggerBinder".
SLF4J: Defaulting to no-operation (NOP) logger implementation
SLF4J: See http://www.slf4j.org/codes.html#StaticLoggerBinder for further details.
]]></system-err>
  </testcase>
</testsuite>