<?xml version="1.0" encoding="UTF-8"?>
<!-- Generated by org.testng.reporters.JUnitReportReporter -->
<testsuite hostname="DESKTOP-6084CDG" failures="0" tests="1" name="runners.TestRunner" time="13.862" errors="0" timestamp="2025-02-11T16:51:30 CST" skipped="0">
  <testcase classname="runners.TestRunner" name="runScenario" time="13.862"/>
</testsuite> <!-- runners.TestRunner -->
